2024-09-16 13:21:25 DEBUG config.ConfigKt - Cargando configuración DataBaseManager
2024-09-16 13:21:25 DEBUG config.ConfigKt - Configuración cargada correctamente
2024-09-16 13:21:25 DEBUG database.SqlDeLightManagerKt - Inicializando el gestor de Bases de Datos con SQLDelight
2024-09-16 13:21:25 DEBUG database.SqlDeLightManagerKt - Borrando tablas si existen
2024-09-16 13:21:25 DEBUG database.SqlDeLightManagerKt - Creando tablas
2024-09-16 13:21:25 DEBUG t.servicies.TenistasServiceImplKt - Cargando tenistas desde CSV
2024-09-16 13:21:25 DEBUG t.storage.TenistaStorageCSVKt - Carganado tenistas desde fichero Csv
2024-09-16 13:21:25 DEBUG t.r.TenistasRepositoryImplKt - Guardando tenista: Tenista(id=1, nombre=Novak Djokovic, pais=Serbia, altura=188, peso=77, puntos=12030, mano=DIESTRO, fechaNacimiento=1987-05-22, created_at=2024-09-16T13:21:25.8905145, updated_at=2024-09-16T13:21:25.8905145)
2024-09-16 13:21:25 DEBUG t.r.TenistasRepositoryImplKt - Guardando tenista: Tenista(id=2, nombre=Daniil Medvedev, pais=Rusia, altura=198, peso=83, puntos=10370, mano=DIESTRO, fechaNacimiento=1996-02-11, created_at=2024-09-16T13:21:25.8957241, updated_at=2024-09-16T13:21:25.8957241)
2024-09-16 13:21:25 DEBUG t.r.TenistasRepositoryImplKt - Guardando tenista: Tenista(id=3, nombre=Rafael Nadal, pais=España, altura=185, peso=85, puntos=8270, mano=ZURDO, fechaNacimiento=1986-06-03, created_at=2024-09-16T13:21:25.8957241, updated_at=2024-09-16T13:21:25.8957241)
2024-09-16 13:21:25 DEBUG t.r.TenistasRepositoryImplKt - Guardando tenista: Tenista(id=4, nombre=Dominic Thiem, pais=Austria, altura=185, peso=79, puntos=7425, mano=DIESTRO, fechaNacimiento=1993-09-03, created_at=2024-09-16T13:21:25.8957241, updated_at=2024-09-16T13:21:25.8957241)
2024-09-16 13:21:25 DEBUG t.r.TenistasRepositoryImplKt - Guardando tenista: Tenista(id=5, nombre=Stefanos Tsitsipas, pais=Grecia, altura=193, peso=89, puntos=6595, mano=DIESTRO, fechaNacimiento=1998-08-12, created_at=2024-09-16T13:21:25.8957241, updated_at=2024-09-16T13:21:25.8957241)
2024-09-16 13:21:25 DEBUG t.r.TenistasRepositoryImplKt - Guardando tenista: Tenista(id=6, nombre=Alexander Zverev, pais=Alemania, altura=198, peso=90, puntos=6125, mano=DIESTRO, fechaNacimiento=1997-04-20, created_at=2024-09-16T13:21:25.8971732, updated_at=2024-09-16T13:21:25.8971732)
2024-09-16 13:21:25 DEBUG t.r.TenistasRepositoryImplKt - Guardando tenista: Tenista(id=7, nombre=Andrey Rublev, pais=Rusia, altura=188, peso=75, puntos=6000, mano=DIESTRO, fechaNacimiento=1997-10-20, created_at=2024-09-16T13:21:25.8971732, updated_at=2024-09-16T13:21:25.8971732)
2024-09-16 13:21:25 DEBUG t.r.TenistasRepositoryImplKt - Guardando tenista: Tenista(id=8, nombre=Roger Federer, pais=Suiza, altura=185, peso=85, puntos=5875, mano=DIESTRO, fechaNacimiento=1981-08-08, created_at=2024-09-16T13:21:25.8971732, updated_at=2024-09-16T13:21:25.8971732)
2024-09-16 13:21:25 DEBUG t.r.TenistasRepositoryImplKt - Guardando tenista: Tenista(id=9, nombre=Matteo Berrettini, pais=Italia, altura=196, peso=95, puntos=5058, mano=DIESTRO, fechaNacimiento=1996-04-12, created_at=2024-09-16T13:21:25.8971732, updated_at=2024-09-16T13:21:25.8971732)
2024-09-16 13:21:25 DEBUG t.r.TenistasRepositoryImplKt - Guardando tenista: Tenista(id=10, nombre=Diego Schwartzman, pais=Argentina, altura=170, peso=64, puntos=3665, mano=DIESTRO, fechaNacimiento=1992-08-16, created_at=2024-09-16T13:21:25.8971732, updated_at=2024-09-16T13:21:25.8971732)
2024-09-16 13:21:26 DEBUG t.r.TenistasRepositoryImplKt - Guardando tenista: Tenista(id=11, nombre=Roberto Bautista Agut, pais=España, altura=183, peso=75, puntos=3330, mano=DIESTRO, fechaNacimiento=1988-04-14, created_at=2024-09-16T13:21:25.8971732, updated_at=2024-09-16T13:21:25.8971732)
2024-09-16 13:21:26 DEBUG t.r.TenistasRepositoryImplKt - Guardando tenista: Tenista(id=12, nombre=Denis Shapovalov, pais=Canadá, altura=185, peso=75, puntos=3310, mano=ZURDO, fechaNacimiento=1999-04-15, created_at=2024-09-16T13:21:25.8971732, updated_at=2024-09-16T13:21:25.8971732)
2024-09-16 13:21:26 DEBUG t.r.TenistasRepositoryImplKt - Guardando tenista: Tenista(id=13, nombre=Pablo Carreño Busta, pais=España, altura=188, peso=78, puntos=3205, mano=DIESTRO, fechaNacimiento=1991-07-12, created_at=2024-09-16T13:21:25.8971732, updated_at=2024-09-16T13:21:25.8971732)
2024-09-16 13:21:26 DEBUG t.r.TenistasRepositoryImplKt - Guardando tenista: Tenista(id=14, nombre=Milos Raonic, pais=Canadá, altura=196, peso=98, puntos=3070, mano=DIESTRO, fechaNacimiento=1990-12-27, created_at=2024-09-16T13:21:25.8984490, updated_at=2024-09-16T13:21:25.8984490)
2024-09-16 13:21:26 DEBUG t.r.TenistasRepositoryImplKt - Guardando tenista: Tenista(id=15, nombre=David Goffin, pais=Bélgica, altura=180, peso=68, puntos=2950, mano=DIESTRO, fechaNacimiento=1990-12-07, created_at=2024-09-16T13:21:25.8984490, updated_at=2024-09-16T13:21:25.8984490)
2024-09-16 13:21:26 DEBUG t.r.TenistasRepositoryImplKt - Guardando tenista: Tenista(id=16, nombre=Grigor Dimitrov, pais=Bulgaria, altura=191, peso=81, puntos=2850, mano=DIESTRO, fechaNacimiento=1991-05-16, created_at=2024-09-16T13:21:25.8984490, updated_at=2024-09-16T13:21:25.8984490)
2024-09-16 13:21:26 DEBUG t.r.TenistasRepositoryImplKt - Guardando tenista: Tenista(id=17, nombre=Stan Wawrinka, pais=Suiza, altura=183, peso=81, puntos=2750, mano=DIESTRO, fechaNacimiento=1985-03-28, created_at=2024-09-16T13:21:25.8994575, updated_at=2024-09-16T13:21:25.8994575)
2024-09-16 13:21:26 DEBUG t.r.TenistasRepositoryImplKt - Guardando tenista: Tenista(id=18, nombre=Félix Auger-Aliassime, pais=Canadá, altura=193, peso=88, puntos=2650, mano=DIESTRO, fechaNacimiento=2000-08-08, created_at=2024-09-16T13:21:25.8994575, updated_at=2024-09-16T13:21:25.8994575)
2024-09-16 13:21:26 DEBUG t.r.TenistasRepositoryImplKt - Guardando tenista: Tenista(id=19, nombre=Alex de Minaur, pais=Australia, altura=183, peso=69, puntos=2585, mano=DIESTRO, fechaNacimiento=1999-02-17, created_at=2024-09-16T13:21:25.8994575, updated_at=2024-09-16T13:21:25.8994575)
2024-09-16 13:21:26 DEBUG t.r.TenistasRepositoryImplKt - Guardando tenista: Tenista(id=20, nombre=Gael Monfils, pais=Francia, altura=193, peso=85, puntos=2540, mano=DIESTRO, fechaNacimiento=1986-09-01, created_at=2024-09-16T13:21:25.8994575, updated_at=2024-09-16T13:21:25.8994575)
2024-09-16 13:21:26 DEBUG t.r.TenistasRepositoryImplKt - Guardando tenista: Tenista(id=21, nombre=Hubert Hurkacz, pais=Polonia, altura=196, peso=81, puntos=2480, mano=DIESTRO, fechaNacimiento=1997-02-11, created_at=2024-09-16T13:21:25.8994575, updated_at=2024-09-16T13:21:25.8994575)
2024-09-16 13:21:26 DEBUG t.r.TenistasRepositoryImplKt - Guardando tenista: Tenista(id=22, nombre=Daniel Evans, pais=Reino Unido, altura=175, peso=75, puntos=2405, mano=DIESTRO, fechaNacimiento=1990-05-23, created_at=2024-09-16T13:21:25.9005070, updated_at=2024-09-16T13:21:25.9005070)
2024-09-16 13:21:26 DEBUG t.r.TenistasRepositoryImplKt - Guardando tenista: Tenista(id=23, nombre=Aslan Karatsev, pais=Rusia, altura=185, peso=85, puntos=2350, mano=DIESTRO, fechaNacimiento=1993-09-04, created_at=2024-09-16T13:21:25.9005070, updated_at=2024-09-16T13:21:25.9005070)
2024-09-16 13:21:26 DEBUG t.r.TenistasRepositoryImplKt - Guardando tenista: Tenista(id=24, nombre=Jannik Sinner, pais=Italia, altura=188, peso=76, puntos=2300, mano=DIESTRO, fechaNacimiento=2001-08-16, created_at=2024-09-16T13:21:25.9005070, updated_at=2024-09-16T13:21:25.9005070)
2024-09-16 13:21:26 DEBUG t.r.TenistasRepositoryImplKt - Guardando tenista: Tenista(id=25, nombre=Fabio Fognini, pais=Italia, altura=178, peso=74, puntos=2250, mano=DIESTRO, fechaNacimiento=1987-05-24, created_at=2024-09-16T13:21:25.9005070, updated_at=2024-09-16T13:21:25.9005070)
2024-09-16 13:21:26 DEBUG t.r.TenistasRepositoryImplKt - Guardando tenista: Tenista(id=26, nombre=Carlos Alcaraz, pais=España, altura=185, peso=72, puntos=5680, mano=DIESTRO, fechaNacimiento=2003-05-05, created_at=2024-09-16T13:21:25.9005070, updated_at=2024-09-16T13:21:25.9005070)
2024-09-16 13:21:26 DEBUG t.r.TenistasRepositoryImplKt - Guardando tenista: Tenista(id=27, nombre=John Isner, pais=Estados Unidos, altura=208, peso=108, puntos=2150, mano=DIESTRO, fechaNacimiento=1985-04-26, created_at=2024-09-16T13:21:25.9005070, updated_at=2024-09-16T13:21:25.9005070)
2024-09-16 13:21:26 DEBUG t.r.TenistasRepositoryImplKt - Guardando tenista: Tenista(id=28, nombre=Reilly Opelka, pais=Estados Unidos, altura=211, peso=102, puntos=2100, mano=DIESTRO, fechaNacimiento=1997-08-28, created_at=2024-09-16T13:21:25.9005070, updated_at=2024-09-16T13:21:25.9005070)
2024-09-16 13:21:26 DEBUG t.r.TenistasRepositoryImplKt - Guardando tenista: Tenista(id=29, nombre=Kei Nishikori, pais=Japón, altura=178, peso=75, puntos=2050, mano=DIESTRO, fechaNacimiento=1989-12-29, created_at=2024-09-16T13:21:25.9015308, updated_at=2024-09-16T13:21:25.9015308)
2024-09-16 13:21:26 DEBUG t.r.TenistasRepositoryImplKt - Guardando tenista: Tenista(id=30, nombre=Marin Cilic, pais=Croacia, altura=198, peso=89, puntos=2000, mano=DIESTRO, fechaNacimiento=1988-09-28, created_at=2024-09-16T13:21:25.9015308, updated_at=2024-09-16T13:21:25.9015308)
2024-09-16 13:21:26 DEBUG t.r.TenistasRepositoryImplKt - Guardando tenista: Tenista(id=31, nombre=Albert Ramos Viñolas, pais=España, altura=188, peso=80, puntos=1950, mano=ZURDO, fechaNacimiento=1988-01-17, created_at=2024-09-16T13:21:25.9015308, updated_at=2024-09-16T13:21:25.9015308)
2024-09-16 13:21:26 DEBUG t.r.TenistasRepositoryImplKt - Guardando tenista: Tenista(id=32, nombre=Adrian Mannarino, pais=Francia, altura=180, peso=79, puntos=1900, mano=ZURDO, fechaNacimiento=1988-06-29, created_at=2024-09-16T13:21:25.9015308, updated_at=2024-09-16T13:21:25.9015308)
2024-09-16 13:21:26 DEBUG t.r.TenistasRepositoryImplKt - Guardando tenista: Tenista(id=33, nombre=Nikoloz Basilashvili, pais=Georgia, altura=185, peso=79, puntos=1850, mano=DIESTRO, fechaNacimiento=1992-02-23, created_at=2024-09-16T13:21:25.9015308, updated_at=2024-09-16T13:21:25.9015308)
2024-09-16 13:21:26 DEBUG t.r.TenistasRepositoryImplKt - Guardando tenista: Tenista(id=34, nombre=Filip Krajinovic, pais=Serbia, altura=185, peso=75, puntos=1800, mano=DIESTRO, fechaNacimiento=1992-02-27, created_at=2024-09-16T13:21:25.9029027, updated_at=2024-09-16T13:21:25.9029027)
2024-09-16 13:21:26 DEBUG t.r.TenistasRepositoryImplKt - Guardando tenista: Tenista(id=35, nombre=Lorenzo Sonego, pais=Italia, altura=191, peso=76, puntos=1750, mano=DIESTRO, fechaNacimiento=1995-05-11, created_at=2024-09-16T13:21:25.9029027, updated_at=2024-09-16T13:21:25.9029027)
2024-09-16 13:21:26 DEBUG t.r.TenistasRepositoryImplKt - Guardando tenista: Tenista(id=36, nombre=Jan-Lennard Struff, pais=Alemania, altura=193, peso=92, puntos=1700, mano=DIESTRO, fechaNacimiento=1990-04-25, created_at=2024-09-16T13:21:25.9029027, updated_at=2024-09-16T13:21:25.9029027)
2024-09-16 13:21:26 DEBUG t.r.TenistasRepositoryImplKt - Guardando tenista: Tenista(id=37, nombre=Marton Fucsovics, pais=Hungría, altura=188, peso=82, puntos=1650, mano=DIESTRO, fechaNacimiento=1992-02-08, created_at=2024-09-16T13:21:25.9029027, updated_at=2024-09-16T13:21:25.9029027)
2024-09-16 13:21:26 DEBUG t.r.TenistasRepositoryImplKt - Guardando tenista: Tenista(id=38, nombre=Alexander Bublik, pais=Kazajistán, altura=196, peso=82, puntos=1600, mano=DIESTRO, fechaNacimiento=1997-06-17, created_at=2024-09-16T13:21:25.9029027, updated_at=2024-09-16T13:21:25.9029027)
2024-09-16 13:21:26 DEBUG t.r.TenistasRepositoryImplKt - Guardando tenista: Tenista(id=39, nombre=Laslo Djere, pais=Serbia, altura=188, peso=82, puntos=1550, mano=DIESTRO, fechaNacimiento=1995-06-02, created_at=2024-09-16T13:21:25.9029027, updated_at=2024-09-16T13:21:25.9029027)
2024-09-16 13:21:26 DEBUG t.r.TenistasRepositoryImplKt - Guardando tenista: Tenista(id=40, nombre=Jordan Thompson, pais=Australia, altura=183, peso=82, puntos=1500, mano=DIESTRO, fechaNacimiento=1994-04-20, created_at=2024-09-16T13:21:25.9029027, updated_at=2024-09-16T13:21:25.9029027)
2024-09-16 13:21:26 DEBUG t.r.TenistasRepositoryImplKt - Guardando tenista: Tenista(id=41, nombre=Benoit Paire, pais=Francia, altura=196, peso=81, puntos=1450, mano=DIESTRO, fechaNacimiento=1989-05-08, created_at=2024-09-16T13:21:25.9029027, updated_at=2024-09-16T13:21:25.9029027)
2024-09-16 13:21:26 DEBUG t.r.TenistasRepositoryImplKt - Guardando tenista: Tenista(id=42, nombre=Frances Tiafoe, pais=Estados Unidos, altura=188, peso=75, puntos=1400, mano=DIESTRO, fechaNacimiento=1998-01-20, created_at=2024-09-16T13:21:25.9029027, updated_at=2024-09-16T13:21:25.9029027)
2024-09-16 13:21:26 DEBUG t.r.TenistasRepositoryImplKt - Guardando tenista: Tenista(id=43, nombre=Richard Gasquet, pais=Francia, altura=183, peso=75, puntos=1350, mano=DIESTRO, fechaNacimiento=1986-06-18, created_at=2024-09-16T13:21:25.9029027, updated_at=2024-09-16T13:21:25.9029027)
2024-09-16 13:21:26 DEBUG t.r.TenistasRepositoryImplKt - Guardando tenista: Tenista(id=44, nombre=Taylor Fritz, pais=Estados Unidos, altura=193, peso=86, puntos=1300, mano=DIESTRO, fechaNacimiento=1997-10-28, created_at=2024-09-16T13:21:25.9029027, updated_at=2024-09-16T13:21:25.9029027)
2024-09-16 13:21:26 DEBUG t.r.TenistasRepositoryImplKt - Guardando tenista: Tenista(id=45, nombre=Jo-Wilfried Tsonga, pais=Francia, altura=188, peso=91, puntos=1250, mano=DIESTRO, fechaNacimiento=1985-04-17, created_at=2024-09-16T13:21:25.9043570, updated_at=2024-09-16T13:21:25.9043570)
2024-09-16 13:21:26 DEBUG t.r.TenistasRepositoryImplKt - Guardando tenista: Tenista(id=46, nombre=Fernando Verdasco, pais=España, altura=188, peso=88, puntos=1200, mano=ZURDO, fechaNacimiento=1983-11-15, created_at=2024-09-16T13:21:25.9043570, updated_at=2024-09-16T13:21:25.9043570)
2024-09-16 13:21:26 DEBUG t.r.TenistasRepositoryImplKt - Guardando tenista: Tenista(id=47, nombre=Sam Querrey, pais=Estados Unidos, altura=198, peso=95, puntos=1150, mano=DIESTRO, fechaNacimiento=1987-10-07, created_at=2024-09-16T13:21:25.9043570, updated_at=2024-09-16T13:21:25.9043570)
2024-09-16 13:21:26 DEBUG t.r.TenistasRepositoryImplKt - Guardando tenista: Tenista(id=48, nombre=Jeremy Chardy, pais=Francia, altura=188, peso=75, puntos=1100, mano=DIESTRO, fechaNacimiento=1987-02-12, created_at=2024-09-16T13:21:25.9043570, updated_at=2024-09-16T13:21:25.9043570)
2024-09-16 13:21:26 DEBUG t.r.TenistasRepositoryImplKt - Guardando tenista: Tenista(id=49, nombre=Steve Johnson, pais=Estados Unidos, altura=188, peso=86, puntos=1050, mano=DIESTRO, fechaNacimiento=1989-12-24, created_at=2024-09-16T13:21:25.9043570, updated_at=2024-09-16T13:21:25.9043570)
2024-09-16 13:21:26 DEBUG t.r.TenistasRepositoryImplKt - Guardando tenista: Tenista(id=50, nombre=Guido Pella, pais=Argentina, altura=183, peso=83, puntos=1000, mano=ZURDO, fechaNacimiento=1990-05-17, created_at=2024-09-16T13:21:25.9043570, updated_at=2024-09-16T13:21:25.9043570)
2024-09-16 13:21:26 DEBUG t.r.TenistasRepositoryImplKt - Guardando tenista: Tenista(id=51, nombre=Andreas Seppi, pais=Italia, altura=191, peso=75, puntos=950, mano=DIESTRO, fechaNacimiento=1984-02-21, created_at=2024-09-16T13:21:25.9043570, updated_at=2024-09-16T13:21:25.9043570)
2024-09-16 13:21:26 DEBUG t.r.TenistasRepositoryImplKt - Guardando tenista: Tenista(id=52, nombre=John Millman, pais=Australia, altura=183, peso=79, puntos=900, mano=DIESTRO, fechaNacimiento=1989-06-14, created_at=2024-09-16T13:21:25.9043570, updated_at=2024-09-16T13:21:25.9043570)
2024-09-16 13:21:26 DEBUG t.r.TenistasRepositoryImplKt - Guardando tenista: Tenista(id=53, nombre=Kevin Anderson, pais=Suráfrica, altura=203, peso=93, puntos=850, mano=DIESTRO, fechaNacimiento=1986-05-18, created_at=2024-09-16T13:21:25.9055538, updated_at=2024-09-16T13:21:25.9055538)
2024-09-16 13:21:26 DEBUG t.r.TenistasRepositoryImplKt - Guardando tenista: Tenista(id=54, nombre=Albert Ramos, pais=España, altura=188, peso=80, puntos=800, mano=ZURDO, fechaNacimiento=1988-01-17, created_at=2024-09-16T13:21:25.9055538, updated_at=2024-09-16T13:21:25.9055538)
2024-09-16 13:21:26 DEBUG t.r.TenistasRepositoryImplKt - Guardando tenista: Tenista(id=55, nombre=Aljaz Bedene, pais=Eslovenia, altura=183, peso=75, puntos=750, mano=DIESTRO, fechaNacimiento=1989-07-18, created_at=2024-09-16T13:21:25.9055538, updated_at=2024-09-16T13:21:25.9055538)
2024-09-16 13:21:26 DEBUG t.r.TenistasRepositoryImplKt - Guardando tenista: Tenista(id=56, nombre=Joao Sousa, pais=Portugal, altura=183, peso=74, puntos=700, mano=DIESTRO, fechaNacimiento=1989-03-30, created_at=2024-09-16T13:21:25.9055538, updated_at=2024-09-16T13:21:25.9055538)
2024-09-16 13:21:26 DEBUG t.r.TenistasRepositoryImplKt - Guardando tenista: Tenista(id=57, nombre=Lucas Pouille, pais=Francia, altura=185, peso=81, puntos=650, mano=DIESTRO, fechaNacimiento=1994-02-23, created_at=2024-09-16T13:21:25.9055538, updated_at=2024-09-16T13:21:25.9065675)
2024-09-16 13:21:26 DEBUG t.r.TenistasRepositoryImplKt - Guardando tenista: Tenista(id=58, nombre=Juan Ignacio Londero, pais=Argentina, altura=180, peso=72, puntos=600, mano=DIESTRO, fechaNacimiento=1993-08-15, created_at=2024-09-16T13:21:25.9065675, updated_at=2024-09-16T13:21:25.9065675)
2024-09-16 13:21:26 DEBUG t.r.TenistasRepositoryImplKt - Guardando tenista: Tenista(id=59, nombre=Thiago Monteiro, pais=Brasil, altura=183, peso=78, puntos=550, mano=ZURDO, fechaNacimiento=1994-05-31, created_at=2024-09-16T13:21:25.9065675, updated_at=2024-09-16T13:21:25.9065675)
2024-09-16 13:21:26 DEBUG t.r.TenistasRepositoryImplKt - Guardando tenista: Tenista(id=60, nombre=Corentin Moutet, pais=Francia, altura=175, peso=70, puntos=500, mano=ZURDO, fechaNacimiento=1999-04-19, created_at=2024-09-16T13:21:25.9065675, updated_at=2024-09-16T13:21:25.9065675)
2024-09-16 13:21:26 DEBUG t.r.TenistasRepositoryImplKt - Guardando tenista: Tenista(id=61, nombre=Emil Ruusuvuori, pais=Finlandia, altura=188, peso=79, puntos=450, mano=DIESTRO, fechaNacimiento=1999-04-02, created_at=2024-09-16T13:21:25.9065675, updated_at=2024-09-16T13:21:25.9065675)
2024-09-16 13:21:26 DEBUG t.r.TenistasRepositoryImplKt - Guardando tenista: Tenista(id=62, nombre=Pedro Martinez, pais=España, altura=185, peso=78, puntos=400, mano=DIESTRO, fechaNacimiento=1997-04-26, created_at=2024-09-16T13:21:25.9065675, updated_at=2024-09-16T13:21:25.9065675)
2024-09-16 13:21:26 DEBUG t.r.TenistasRepositoryImplKt - Guardando tenista: Tenista(id=63, nombre=Alexei Popyrin, pais=Australia, altura=196, peso=78, puntos=350, mano=DIESTRO, fechaNacimiento=1999-08-05, created_at=2024-09-16T13:21:25.9065675, updated_at=2024-09-16T13:21:25.9065675)
2024-09-16 13:21:26 DEBUG t.r.TenistasRepositoryImplKt - Guardando tenista: Tenista(id=64, nombre=James Duckworth, pais=Australia, altura=183, peso=82, puntos=300, mano=DIESTRO, fechaNacimiento=1992-01-21, created_at=2024-09-16T13:21:25.9065675, updated_at=2024-09-16T13:21:25.9065675)
2024-09-16 13:21:26 DEBUG t.r.TenistasRepositoryImplKt - Guardando tenista: Tenista(id=65, nombre=Marco Cecchinato, pais=Italia, altura=185, peso=78, puntos=250, mano=DIESTRO, fechaNacimiento=1992-09-30, created_at=2024-09-16T13:21:25.9065675, updated_at=2024-09-16T13:21:25.9065675)
2024-09-16 13:21:26 DEBUG t.r.TenistasRepositoryImplKt - Guardando tenista: Tenista(id=66, nombre=Alex Bolt, pais=Australia, altura=183, peso=80, puntos=200, mano=ZURDO, fechaNacimiento=1993-01-05, created_at=2024-09-16T13:21:25.9065675, updated_at=2024-09-16T13:21:25.9065675)
2024-09-16 13:21:26 DEBUG t.r.TenistasRepositoryImplKt - Guardando tenista: Tenista(id=67, nombre=Daniel Elahi Galan, pais=Colombia, altura=191, peso=75, puntos=150, mano=DIESTRO, fechaNacimiento=1996-06-18, created_at=2024-09-16T13:21:25.9065675, updated_at=2024-09-16T13:21:25.9065675)
2024-09-16 13:21:26 DEBUG t.r.TenistasRepositoryImplKt - Guardando tenista: Tenista(id=68, nombre=Juan Pablo Varillas, pais=Perú, altura=185, peso=78, puntos=100, mano=DIESTRO, fechaNacimiento=1995-10-06, created_at=2024-09-16T13:21:25.9076137, updated_at=2024-09-16T13:21:25.9076137)
2024-09-16 13:21:26 DEBUG t.r.TenistasRepositoryImplKt - Guardando tenista: Tenista(id=69, nombre=Roberto Carballes Baena, pais=España, altura=183, peso=76, puntos=90, mano=DIESTRO, fechaNacimiento=1993-03-23, created_at=2024-09-16T13:21:25.9076137, updated_at=2024-09-16T13:21:25.9076137)
2024-09-16 13:21:26 DEBUG t.r.TenistasRepositoryImplKt - Guardando tenista: Tenista(id=70, nombre=Facundo Bagnis, pais=Argentina, altura=183, peso=78, puntos=80, mano=ZURDO, fechaNacimiento=1990-02-27, created_at=2024-09-16T13:21:25.9076137, updated_at=2024-09-16T13:21:25.9076137)
2024-09-16 13:21:26 DEBUG t.r.TenistasRepositoryImplKt - Guardando tenista: Tenista(id=71, nombre=Salvatore Caruso, pais=Italia, altura=185, peso=80, puntos=70, mano=DIESTRO, fechaNacimiento=1992-12-15, created_at=2024-09-16T13:21:25.9076137, updated_at=2024-09-16T13:21:25.9076137)
2024-09-16 13:21:26 DEBUG t.r.TenistasRepositoryImplKt - Guardando tenista: Tenista(id=72, nombre=Ricardas Berankis, pais=Lituania, altura=175, peso=72, puntos=60, mano=DIESTRO, fechaNacimiento=1990-06-21, created_at=2024-09-16T13:21:25.9076137, updated_at=2024-09-16T13:21:25.9076137)
2024-09-16 13:21:26 DEBUG t.r.TenistasRepositoryImplKt - Guardando tenista: Tenista(id=73, nombre=Andrej Martin, pais=Eslovaquia, altura=183, peso=78, puntos=50, mano=DIESTRO, fechaNacimiento=1989-09-20, created_at=2024-09-16T13:21:25.9076137, updated_at=2024-09-16T13:21:25.9076137)
2024-09-16 13:21:26 DEBUG t.r.TenistasRepositoryImplKt - Guardando tenista: Tenista(id=74, nombre=Jaume Munar, pais=España, altura=183, peso=78, puntos=40, mano=DIESTRO, fechaNacimiento=1997-05-05, created_at=2024-09-16T13:21:25.9076137, updated_at=2024-09-16T13:21:25.9076137)
2024-09-16 13:21:26 DEBUG t.r.TenistasRepositoryImplKt - Guardando tenista: Tenista(id=75, nombre=Stefano Travaglia, pais=Italia, altura=185, peso=80, puntos=30, mano=DIESTRO, fechaNacimiento=1991-12-28, created_at=2024-09-16T13:21:25.9076137, updated_at=2024-09-16T13:21:25.9076137)
2024-09-16 13:21:26 DEBUG t.r.TenistasRepositoryImplKt - Guardando tenista: Tenista(id=76, nombre=Hugo Dellien, pais=Bolivia, altura=180, peso=77, puntos=20, mano=DIESTRO, fechaNacimiento=1993-06-16, created_at=2024-09-16T13:21:25.9076137, updated_at=2024-09-16T13:21:25.9086197)
2024-09-16 13:21:26 DEBUG t.r.TenistasRepositoryImplKt - Guardando tenista: Tenista(id=77, nombre=Marc Polmans, pais=Australia, altura=185, peso=78, puntos=10, mano=DIESTRO, fechaNacimiento=1997-05-02, created_at=2024-09-16T13:21:25.9086197, updated_at=2024-09-16T13:21:25.9086197)
2024-09-16 13:21:26 DEBUG t.r.TenistasRepositoryImplKt - Guardando tenista: Tenista(id=78, nombre=Sumit Nagal, pais=India, altura=178, peso=70, puntos=5, mano=DIESTRO, fechaNacimiento=1997-08-16, created_at=2024-09-16T13:21:25.9086197, updated_at=2024-09-16T13:21:25.9086197)
2024-09-16 13:21:26 DEBUG t.r.TenistasRepositoryImplKt - Guardando tenista: Tenista(id=79, nombre=Ernests Gulbis, pais=Letonia, altura=191, peso=85, puntos=4, mano=DIESTRO, fechaNacimiento=1988-08-30, created_at=2024-09-16T13:21:25.9086197, updated_at=2024-09-16T13:21:25.9086197)
2024-09-16 13:21:26 DEBUG t.r.TenistasRepositoryImplKt - Guardando tenista: Tenista(id=80, nombre=Denis Kudla, pais=Estados Unidos, altura=180, peso=77, puntos=3, mano=DIESTRO, fechaNacimiento=1992-08-17, created_at=2024-09-16T13:21:25.9086197, updated_at=2024-09-16T13:21:25.9086197)
2024-09-16 13:21:26 DEBUG t.r.TenistasRepositoryImplKt - Guardando tenista: Tenista(id=81, nombre=Paolo Lorenzi, pais=Italia, altura=183, peso=75, puntos=2, mano=DIESTRO, fechaNacimiento=1981-12-15, created_at=2024-09-16T13:21:25.9086197, updated_at=2024-09-16T13:21:25.9086197)
2024-09-16 13:21:26 DEBUG t.r.TenistasRepositoryImplKt - Guardando tenista: Tenista(id=82, nombre=Thanasi Kokkinakis, pais=Australia, altura=196, peso=82, puntos=1, mano=DIESTRO, fechaNacimiento=1996-04-10, created_at=2024-09-16T13:21:25.9086197, updated_at=2024-09-16T13:21:25.9086197)
2024-09-16 13:21:26 DEBUG t.r.TenistasRepositoryImplKt - Guardando tenista: Tenista(id=83, nombre=Michael Mmoh, pais=Estados Unidos, altura=188, peso=82, puntos=0, mano=DIESTRO, fechaNacimiento=1998-01-10, created_at=2024-09-16T13:21:25.9086197, updated_at=2024-09-16T13:21:25.9086197)
2024-09-16 13:21:26 DEBUG t.r.TenistasRepositoryImplKt - Guardando tenista: Tenista(id=84, nombre=Tommy Paul, pais=Estados Unidos, altura=185, peso=82, puntos=0, mano=DIESTRO, fechaNacimiento=1997-05-17, created_at=2024-09-16T13:21:25.9086197, updated_at=2024-09-16T13:21:25.9086197)
2024-09-16 13:21:26 DEBUG t.r.TenistasRepositoryImplKt - Guardando tenista: Tenista(id=85, nombre=Christopher O'Connell, pais=Australia, altura=183, peso=78, puntos=0, mano=DIESTRO, fechaNacimiento=1994-06-03, created_at=2024-09-16T13:21:25.9096333, updated_at=2024-09-16T13:21:25.9096333)
2024-09-16 13:21:26 DEBUG t.r.TenistasRepositoryImplKt - Guardando tenista: Tenista(id=86, nombre=Yoshihito Nishioka, pais=Japón, altura=170, peso=64, puntos=0, mano=ZURDO, fechaNacimiento=1995-09-27, created_at=2024-09-16T13:21:25.9096333, updated_at=2024-09-16T13:21:25.9096333)
2024-09-16 13:21:26 DEBUG t.r.TenistasRepositoryImplKt - Guardando tenista: Tenista(id=87, nombre=Francesco Passaro, pais=Italia, altura=185, peso=75, puntos=0, mano=DIESTRO, fechaNacimiento=2001-01-07, created_at=2024-09-16T13:21:25.9096333, updated_at=2024-09-16T13:21:25.9096333)
2024-09-16 13:21:26 DEBUG t.r.TenistasRepositoryImplKt - Guardando tenista: Tenista(id=88, nombre=Marcelo Tomas Barrios Vera, pais=Chile, altura=185, peso=75, puntos=0, mano=DIESTRO, fechaNacimiento=1997-12-10, created_at=2024-09-16T13:21:25.9096333, updated_at=2024-09-16T13:21:25.9096333)
2024-09-16 13:21:26 DEBUG t.r.TenistasRepositoryImplKt - Guardando tenista: Tenista(id=89, nombre=Nuno Borges, pais=Portugal, altura=185, peso=75, puntos=0, mano=DIESTRO, fechaNacimiento=1997-02-19, created_at=2024-09-16T13:21:25.9096333, updated_at=2024-09-16T13:21:25.9096333)
2024-09-16 13:21:26 DEBUG t.r.TenistasRepositoryImplKt - Guardando tenista: Tenista(id=90, nombre=Holger Rune, pais=Dinamarca, altura=188, peso=77, puntos=0, mano=DIESTRO, fechaNacimiento=2003-04-29, created_at=2024-09-16T13:21:25.9096333, updated_at=2024-09-16T13:21:25.9096333)
2024-09-16 13:21:26 DEBUG t.r.TenistasRepositoryImplKt - Guardando tenista: Tenista(id=91, nombre=Lorenzo Musetti, pais=Italia, altura=185, peso=75, puntos=0, mano=DIESTRO, fechaNacimiento=2002-03-03, created_at=2024-09-16T13:21:25.9096333, updated_at=2024-09-16T13:21:25.9096333)
2024-09-16 13:21:26 DEBUG t.r.TenistasRepositoryImplKt - Guardando tenista: Tenista(id=92, nombre=Brandon Nakashima, pais=Estados Unidos, altura=185, peso=78, puntos=0, mano=DIESTRO, fechaNacimiento=2001-08-03, created_at=2024-09-16T13:21:25.9096333, updated_at=2024-09-16T13:21:25.9096333)
2024-09-16 13:21:26 DEBUG t.r.TenistasRepositoryImplKt - Guardando tenista: Tenista(id=93, nombre=Jack Draper, pais=Reino Unido, altura=193, peso=85, puntos=0, mano=ZURDO, fechaNacimiento=2001-12-22, created_at=2024-09-16T13:21:25.9096333, updated_at=2024-09-16T13:21:25.9096333)
2024-09-16 13:21:26 DEBUG t.r.TenistasRepositoryImplKt - Guardando tenista: Tenista(id=94, nombre=Jiri Lehecka, pais=República Checa, altura=185, peso=77, puntos=0, mano=DIESTRO, fechaNacimiento=2001-11-08, created_at=2024-09-16T13:21:25.9106320, updated_at=2024-09-16T13:21:25.9106320)
2024-09-16 13:21:26 DEBUG t.r.TenistasRepositoryImplKt - Guardando tenista: Tenista(id=95, nombre=Emilio Nava, pais=Estados Unidos, altura=185, peso=78, puntos=0, mano=DIESTRO, fechaNacimiento=2001-12-02, created_at=2024-09-16T13:21:25.9106320, updated_at=2024-09-16T13:21:25.9106320)
2024-09-16 13:21:26 DEBUG t.r.TenistasRepositoryImplKt - Guardando tenista: Tenista(id=96, nombre=Juan Manuel Cerundolo, pais=Argentina, altura=185, peso=75, puntos=0, mano=ZURDO, fechaNacimiento=2001-11-15, created_at=2024-09-16T13:21:25.9106320, updated_at=2024-09-16T13:21:25.9106320)
2024-09-16 13:21:26 DEBUG t.r.TenistasRepositoryImplKt - Guardando tenista: Tenista(id=97, nombre=Sebastian Korda, pais=Estados Unidos, altura=196, peso=82, puntos=0, mano=DIESTRO, fechaNacimiento=2000-07-05, created_at=2024-09-16T13:21:25.9106320, updated_at=2024-09-16T13:21:25.9106320)
2024-09-16 13:21:26 DEBUG t.r.TenistasRepositoryImplKt - Guardando tenista: Tenista(id=98, nombre=Brandon Holt, pais=Estados Unidos, altura=185, peso=75, puntos=0, mano=DIESTRO, fechaNacimiento=1998-04-06, created_at=2024-09-16T13:21:25.9106320, updated_at=2024-09-16T13:21:25.9106320)
2024-09-16 13:21:26 DEBUG t.r.TenistasRepositoryImplKt - Guardando tenista: Tenista(id=99, nombre=Maxime Cressy, pais=Estados Unidos, altura=198, peso=88, puntos=0, mano=DIESTRO, fechaNacimiento=1997-05-08, created_at=2024-09-16T13:21:25.9106320, updated_at=2024-09-16T13:21:25.9106320)
2024-09-16 13:21:26 DEBUG t.r.TenistasRepositoryImplKt - Guardando tenista: Tenista(id=100, nombre=Zizou Bergs, pais=Bélgica, altura=185, peso=75, puntos=0, mano=DIESTRO, fechaNacimiento=1999-06-03, created_at=2024-09-16T13:21:25.9106320, updated_at=2024-09-16T13:21:25.9106320)
2024-09-16 13:21:26 DEBUG t.servicies.TenistasServiceImplKt - Guardando reclutas en fichero
2024-09-16 13:21:26 DEBUG t.storage.TenistasStorageJSONKt - Guardando usuarios en fichero json C:\Users\anasm\Desktop\2ºDAW\JOSE LUIS\practica-bienvenida-dwes-daw-2024-2025\entregas\ElHadri_ElBakkali_Yahya\torneo_tenis\torneo_tenis.json
